# JRE version: OpenJDK Runtime Environment Temurin-21.0.10+7 (21.0.10+7) (build 21.0.10+7-LTS)
# Java VM: OpenJDK 64-Bit Server VM Temurin-21.0.10+7 (21.0.10+7-LTS, mixed mode, sharing, tiered, compressed oops, compressed class ptrs, parallel gc, windows-amd64)
GC Precious Log:
 CardTable entry size: 512
 CPUs: 4 total, 4 available
 Memory: 8057M
 Large Page Support: Disabled
 NUMA Support: Disabled
 Compressed Oops: Enabled (32-bit)
 Alignments: Space 512K, Generation 512K, Heap 2M
 Heap Min Capacity: 100M
 Heap Initial Capacity: 100M
 Heap Max Capacity: 2G
 Pre-touch: Disabled
 Parallel Workers: 4
Heap:
 PSYoungGen      total 4608K, used 4482K [0x00000000d5580000, 0x00000000d6180000, 0x0000000100000000)
  eden space 2560K, 95% used [0x00000000d5580000,0x00000000d57e08e0,0x00000000d5800000)
  from space 2048K, 100% used [0x00000000d5800000,0x00000000d5a00000,0x00000000d5a00000)
  to   space 4608K, 0% used [0x00000000d5d00000,0x00000000d5d00000,0x00000000d6180000)
 ParOldGen       total 897024K, used 896546K [0x0000000080000000, 0x00000000b6c00000, 0x00000000d5580000)
  object space 897024K, 99% used [0x0000000080000000,0x00000000b6b88a38,0x00000000b6c00000)
 Metaspace       used 75826K, committed 77312K, reserved 1179648K
  class space    used 7905K, committed 8576K, reserved 1048576K
GC Heap History (20 events):
Event: 253.335 GC heap before
{Heap before GC invocations=1825 (full 3):
 PSYoungGen      total 2048K, used 1312K [0x00000000d5580000, 0x00000000d5800000, 0x0000000100000000)
  eden space 1024K, 100% used [0x00000000d5580000,0x00000000d5680000,0x00000000d5680000)
  from space 1024K, 28% used [0x00000000d5680000,0x00000000d56c8000,0x00000000d5780000)
  to   space 512K, 0% used [0x00000000d5780000,0x00000000d5780000,0x00000000d5800000)
 ParOldGen       total 885760K, used 885713K [0x0000000080000000, 0x00000000b6100000, 0x00000000d5580000)
  object space 885760K, 99% used [0x0000000080000000,0x00000000b60f4530,0x00000000b6100000)
 Metaspace       used 75744K, committed 77248K, reserved 1179648K
  class space    used 7898K, committed 8576K, reserved 1048576K
}
Event: 253.338 GC heap after
{Heap after GC invocations=1825 (full 3):
 PSYoungGen      total 1536K, used 512K [0x00000000d5580000, 0x00000000d5880000, 0x0000000100000000)
  eden space 1024K, 0% used [0x00000000d5580000,0x00000000d5580000,0x00000000d5680000)
  from space 512K, 100% used [0x00000000d5780000,0x00000000d5800000,0x00000000d5800000)
  to   space 1024K, 0% used [0x00000000d5680000,0x00000000d5680000,0x00000000d5780000)
 ParOldGen       total 886272K, used 886100K [0x0000000080000000, 0x00000000b6180000, 0x00000000d5580000)
  object space 886272K, 99% used [0x0000000080000000,0x00000000b6155150,0x00000000b6180000)
 Metaspace       used 75744K, committed 77248K, reserved 1179648K
  class space    used 7898K, committed 8576K, reserved 1048576K
}
Event: 253.396 GC heap before
{Heap before GC invocations=1826 (full 3):
 PSYoungGen      total 1536K, used 1510K [0x00000000d5580000, 0x00000000d5880000, 0x0000000100000000)
  eden space 1024K, 97% used [0x00000000d5580000,0x00000000d5679b78,0x00000000d5680000)
  from space 512K, 100% used [0x00000000d5780000,0x00000000d5800000,0x00000000d5800000)
  to   space 1024K, 0% used [0x00000000d5680000,0x00000000d5680000,0x00000000d5780000)
 ParOldGen       total 886272K, used 886100K [0x0000000080000000, 0x00000000b6180000, 0x00000000d5580000)
  object space 886272K, 99% used [0x0000000080000000,0x00000000b6155150,0x00000000b6180000)
 Metaspace       used 75750K, committed 77248K, reserved 1179648K
  class space    used 7899K, committed 8576K, reserved 1048576K
}
Event: 253.401 GC heap after
{Heap after GC invocations=1826 (full 3):
 PSYoungGen      total 2048K, used 532K [0x00000000d5580000, 0x00000000d5880000, 0x0000000100000000)
  eden space 1024K, 0% used [0x00000000d5580000,0x00000000d5580000,0x00000000d5680000)
  from space 1024K, 51% used [0x00000000d5680000,0x00000000d5705128,0x00000000d5780000)
  to   space 1024K, 0% used [0x00000000d5780000,0x00000000d5780000,0x00000000d5880000)
 ParOldGen       total 886784K, used 886603K [0x0000000080000000, 0x00000000b6200000, 0x00000000d5580000)
  object space 886784K, 99% used [0x0000000080000000,0x00000000b61d2fa0,0x00000000b6200000)
 Metaspace       used 75750K, committed 77248K, reserved 1179648K
  class space    used 7899K, committed 8576K, reserved 1048576K
}
Event: 253.410 GC heap before
{Heap before GC invocations=1827 (full 3):
 PSYoungGen      total 2048K, used 1556K [0x00000000d5580000, 0x00000000d5880000, 0x0000000100000000)
  eden space 1024K, 100% used [0x00000000d5580000,0x00000000d5680000,0x00000000d5680000)
  from space 1024K, 51% used [0x00000000d5680000,0x00000000d5705128,0x00000000d5780000)
  to   space 1024K, 0% used [0x00000000d5780000,0x00000000d5780000,0x00000000d5880000)
 ParOldGen       total 886784K, used 886603K [0x0000000080000000, 0x00000000b6200000, 0x00000000d5580000)
  object space 886784K, 99% used [0x0000000080000000,0x00000000b61d2fa0,0x00000000b6200000)
 Metaspace       used 75750K, committed 77248K, reserved 1179648K
  class space    used 7899K, committed 8576K, reserved 1048576K
}
Event: 253.416 GC heap after
{Heap after GC invocations=1827 (full 3):
 PSYoungGen      total 2048K, used 940K [0x00000000d5580000, 0x00000000d5880000, 0x0000000100000000)
  eden space 1024K, 0% used [0x00000000d5580000,0x00000000d5580000,0x00000000d5680000)
  from space 1024K, 91% used [0x00000000d5780000,0x00000000d586b090,0x00000000d5880000)
  to   space 1024K, 0% used [0x00000000d5680000,0x00000000d5680000,0x00000000d5780000)
 ParOldGen       total 887296K, used 887103K [0x0000000080000000, 0x00000000b6280000, 0x00000000d5580000)
  object space 887296K, 99% used [0x0000000080000000,0x00000000b624ff98,0x00000000b6280000)
 Metaspace       used 75750K, committed 77248K, reserved 1179648K
  class space    used 7899K, committed 8576K, reserved 1048576K
}
Event: 253.431 GC heap before
{Heap before GC invocations=1828 (full 3):
 PSYoungGen      total 2048K, used 1964K [0x00000000d5580000, 0x00000000d5880000, 0x0000000100000000)
  eden space 1024K, 99% used [0x00000000d5580000,0x00000000d567ffe0,0x00000000d5680000)
  from space 1024K, 91% used [0x00000000d5780000,0x00000000d586b090,0x00000000d5880000)
  to   space 1024K, 0% used [0x00000000d5680000,0x00000000d5680000,0x00000000d5780000)
 ParOldGen       total 887296K, used 887103K [0x0000000080000000, 0x00000000b6280000, 0x00000000d5580000)
  object space 887296K, 99% used [0x0000000080000000,0x00000000b624ff98,0x00000000b6280000)
 Metaspace       used 75751K, committed 77248K, reserved 1179648K
  class space    used 7900K, committed 8576K, reserved 1048576K
}
Event: 253.438 GC heap after
{Heap after GC invocations=1828 (full 3):
 PSYoungGen      total 2048K, used 928K [0x00000000d5580000, 0x00000000d5900000, 0x0000000100000000)
  eden space 1024K, 0% used [0x00000000d5580000,0x00000000d5580000,0x00000000d5680000)
  from space 1024K, 90% used [0x00000000d5680000,0x00000000d5768000,0x00000000d5780000)
  to   space 1024K, 0% used [0x00000000d5800000,0x00000000d5800000,0x00000000d5900000)
 ParOldGen       total 888320K, used 887994K [0x0000000080000000, 0x00000000b6380000, 0x00000000d5580000)
  object space 888320K, 99% used [0x0000000080000000,0x00000000b632e968,0x00000000b6380000)
 Metaspace       used 75751K, committed 77248K, reserved 1179648K
  class space    used 7900K, committed 8576K, reserved 1048576K
}
Event: 253.450 GC heap before
{Heap before GC invocations=1829 (full 3):
 PSYoungGen      total 2048K, used 1952K [0x00000000d5580000, 0x00000000d5900000, 0x0000000100000000)
  eden space 1024K, 100% used [0x00000000d5580000,0x00000000d5680000,0x00000000d5680000)
  from space 1024K, 90% used [0x00000000d5680000,0x00000000d5768000,0x00000000d5780000)
  to   space 1024K, 0% used [0x00000000d5800000,0x00000000d5800000,0x00000000d5900000)
 ParOldGen       total 888320K, used 887994K [0x0000000080000000, 0x00000000b6380000, 0x00000000d5580000)
  object space 888320K, 99% used [0x0000000080000000,0x00000000b632e968,0x00000000b6380000)
 Metaspace       used 75752K, committed 77248K, reserved 1179648K
  class space    used 7900K, committed 8576K, reserved 1048576K
}
Event: 253.458 GC heap after
{Heap after GC invocations=1829 (full 3):
 PSYoungGen      total 2560K, used 960K [0x00000000d5580000, 0x00000000d5900000, 0x0000000100000000)
  eden space 1536K, 0% used [0x00000000d5580000,0x00000000d5580000,0x00000000d5700000)
  from space 1024K, 93% used [0x00000000d5800000,0x00000000d58f0000,0x00000000d5900000)
  to   space 1024K, 0% used [0x00000000d5700000,0x00000000d5700000,0x00000000d5800000)
 ParOldGen       total 889344K, used 888880K [0x0000000080000000, 0x00000000b6480000, 0x00000000d5580000)
  object space 889344K, 99% used [0x0000000080000000,0x00000000b640c038,0x00000000b6480000)
 Metaspace       used 75752K, committed 77248K, reserved 1179648K
  class space    used 7900K, committed 8576K, reserved 1048576K
}
Event: 253.472 GC heap before
{Heap before GC invocations=1830 (full 3):
 PSYoungGen      total 2560K, used 2481K [0x00000000d5580000, 0x00000000d5900000, 0x0000000100000000)
  eden space 1536K, 99% used [0x00000000d5580000,0x00000000d56fc740,0x00000000d5700000)
  from space 1024K, 93% used [0x00000000d5800000,0x00000000d58f0000,0x00000000d5900000)
  to   space 1024K, 0% used [0x00000000d5700000,0x00000000d5700000,0x00000000d5800000)
 ParOldGen       total 889344K, used 888880K [0x0000000080000000, 0x00000000b6480000, 0x00000000d5580000)
  object space 889344K, 99% used [0x0000000080000000,0x00000000b640c038,0x00000000b6480000)
 Metaspace       used 75752K, committed 77248K, reserved 1179648K
  class space    used 7900K, committed 8576K, reserved 1048576K
}
Event: 253.480 GC heap after
{Heap after GC invocations=1830 (full 3):
 PSYoungGen      total 2560K, used 1005K [0x00000000d5580000, 0x00000000d5c80000, 0x0000000100000000)
  eden space 1536K, 0% used [0x00000000d5580000,0x00000000d5580000,0x00000000d5700000)
  from space 1024K, 98% used [0x00000000d5700000,0x00000000d57fb698,0x00000000d5800000)
  to   space 2560K, 0% used [0x00000000d5a00000,0x00000000d5a00000,0x00000000d5c80000)
 ParOldGen       total 890368K, used 890184K [0x0000000080000000, 0x00000000b6580000, 0x00000000d5580000)
  object space 890368K, 99% used [0x0000000080000000,0x00000000b6552038,0x00000000b6580000)
 Metaspace       used 75752K, committed 77248K, reserved 1179648K
  class space    used 7900K, committed 8576K, reserved 1048576K
}
Event: 253.492 GC heap before
{Heap before GC invocations=1831 (full 3):
 PSYoungGen      total 2560K, used 2541K [0x00000000d5580000, 0x00000000d5c80000, 0x0000000100000000)
  eden space 1536K, 99% used [0x00000000d5580000,0x00000000d56fffb8,0x00000000d5700000)
  from space 1024K, 98% used [0x00000000d5700000,0x00000000d57fb698,0x00000000d5800000)
  to   space 2560K, 0% used [0x00000000d5a00000,0x00000000d5a00000,0x00000000d5c80000)
 ParOldGen       total 890368K, used 890184K [0x0000000080000000, 0x00000000b6580000, 0x00000000d5580000)
  object space 890368K, 99% used [0x0000000080000000,0x00000000b6552038,0x00000000b6580000)
 Metaspace       used 75752K, committed 77248K, reserved 1179648K
  class space    used 7900K, committed 8576K, reserved 1048576K
}
Event: 253.497 GC heap after
{Heap after GC invocations=1831 (full 3):
 PSYoungGen      total 3584K, used 1488K [0x00000000d5580000, 0x00000000d5b80000, 0x0000000100000000)
  eden space 2048K, 0% used [0x00000000d5580000,0x00000000d5580000,0x00000000d5780000)
  from space 1536K, 96% used [0x00000000d5a00000,0x00000000d5b743d8,0x00000000d5b80000)
  to   space 2048K, 0% used [0x00000000d5780000,0x00000000d5780000,0x00000000d5980000)
 ParOldGen       total 891392K, used 891215K [0x0000000080000000, 0x00000000b6680000, 0x00000000d5580000)
  object space 891392K, 99% used [0x0000000080000000,0x00000000b6653e00,0x00000000b6680000)
 Metaspace       used 75752K, committed 77248K, reserved 1179648K
  class space    used 7900K, committed 8576K, reserved 1048576K
}
Event: 253.542 GC heap before
{Heap before GC invocations=1832 (full 3):
 PSYoungGen      total 3584K, used 3536K [0x00000000d5580000, 0x00000000d5b80000, 0x0000000100000000)
  eden space 2048K, 100% used [0x00000000d5580000,0x00000000d5780000,0x00000000d5780000)
  from space 1536K, 96% used [0x00000000d5a00000,0x00000000d5b743d8,0x00000000d5b80000)
  to   space 2048K, 0% used [0x00000000d5780000,0x00000000d5780000,0x00000000d5980000)
 ParOldGen       total 891392K, used 891215K [0x0000000080000000, 0x00000000b6680000, 0x00000000d5580000)
  object space 891392K, 99% used [0x0000000080000000,0x00000000b6653e00,0x00000000b6680000)
 Metaspace       used 75771K, committed 77248K, reserved 1179648K
  class space    used 7901K, committed 8576K, reserved 1048576K
}
Event: 253.548 GC heap after
{Heap after GC invocations=1832 (full 3):
 PSYoungGen      total 4096K, used 1908K [0x00000000d5580000, 0x00000000d5c00000, 0x0000000100000000)
  eden space 2048K, 0% used [0x00000000d5580000,0x00000000d5580000,0x00000000d5780000)
  from space 2048K, 93% used [0x00000000d5780000,0x00000000d595d0f0,0x00000000d5980000)
  to   space 2048K, 0% used [0x00000000d5a00000,0x00000000d5a00000,0x00000000d5c00000)
 ParOldGen       total 892928K, used 892656K [0x0000000080000000, 0x00000000b6800000, 0x00000000d5580000)
  object space 892928K, 99% used [0x0000000080000000,0x00000000b67bc1d8,0x00000000b6800000)
 Metaspace       used 75771K, committed 77248K, reserved 1179648K
  class space    used 7901K, committed 8576K, reserved 1048576K
}
Event: 253.565 GC heap before
{Heap before GC invocations=1833 (full 3):
 PSYoungGen      total 4096K, used 3956K [0x00000000d5580000, 0x00000000d5c00000, 0x0000000100000000)
  eden space 2048K, 100% used [0x00000000d5580000,0x00000000d5780000,0x00000000d5780000)
  from space 2048K, 93% used [0x00000000d5780000,0x00000000d595d0f0,0x00000000d5980000)
  to   space 2048K, 0% used [0x00000000d5a00000,0x00000000d5a00000,0x00000000d5c00000)
 ParOldGen       total 892928K, used 892656K [0x0000000080000000, 0x00000000b6800000, 0x00000000d5580000)
  object space 892928K, 99% used [0x0000000080000000,0x00000000b67bc1d8,0x00000000b6800000)
 Metaspace       used 75785K, committed 77312K, reserved 1179648K
  class space    used 7902K, committed 8576K, reserved 1048576K
}
Event: 253.573 GC heap after
{Heap after GC invocations=1833 (full 3):
 PSYoungGen      total 4608K, used 1835K [0x00000000d5580000, 0x00000000d5c00000, 0x0000000100000000)
  eden space 2560K, 0% used [0x00000000d5580000,0x00000000d5580000,0x00000000d5800000)
  from space 2048K, 89% used [0x00000000d5a00000,0x00000000d5bcaed0,0x00000000d5c00000)
  to   space 2048K, 0% used [0x00000000d5800000,0x00000000d5800000,0x00000000d5a00000)
 ParOldGen       total 894464K, used 894456K [0x0000000080000000, 0x00000000b6980000, 0x00000000d5580000)
  object space 894464K, 99% used [0x0000000080000000,0x00000000b697e320,0x00000000b6980000)
 Metaspace       used 75785K, committed 77312K, reserved 1179648K
  class space    used 7902K, committed 8576K, reserved 1048576K
}
Event: 253.608 GC heap before
{Heap before GC invocations=1834 (full 3):
 PSYoungGen      total 4608K, used 4395K [0x00000000d5580000, 0x00000000d5c00000, 0x0000000100000000)
  eden space 2560K, 100% used [0x00000000d5580000,0x00000000d5800000,0x00000000d5800000)
  from space 2048K, 89% used [0x00000000d5a00000,0x00000000d5bcaed0,0x00000000d5c00000)
  to   space 2048K, 0% used [0x00000000d5800000,0x00000000d5800000,0x00000000d5a00000)
 ParOldGen       total 894464K, used 894456K [0x0000000080000000, 0x00000000b6980000, 0x00000000d5580000)
  object space 894464K, 99% used [0x0000000080000000,0x00000000b697e320,0x00000000b6980000)
 Metaspace       used 75787K, committed 77312K, reserved 1179648K
  class space    used 7902K, committed 8576K, reserved 1048576K
}
Event: 253.615 GC heap after
{Heap after GC invocations=1834 (full 3):
 PSYoungGen      total 4608K, used 2048K [0x00000000d5580000, 0x00000000d6180000, 0x0000000100000000)
  eden space 2560K, 0% used [0x00000000d5580000,0x00000000d5580000,0x00000000d5800000)
  from space 2048K, 100% used [0x00000000d5800000,0x00000000d5a00000,0x00000000d5a00000)
  to   space 4608K, 0% used [0x00000000d5d00000,0x00000000d5d00000,0x00000000d6180000)
 ParOldGen       total 897024K, used 896546K [0x0000000080000000, 0x00000000b6c00000, 0x00000000d5580000)
  object space 897024K, 99% used [0x0000000080000000,0x00000000b6b88a38,0x00000000b6c00000)
 Metaspace       used 75787K, committed 77312K, reserved 1179648K
  class space    used 7902K, committed 8576K, reserved 1048576K
}

